<?xml version="1.0" encoding="UTF-8"?>
<testng-results skipped="0" failed="0" ignored="0" total="2" passed="2">
  <reporter-output>
  </reporter-output>
  <suite name="Default suite" duration-ms="7071" started-at="2019-02-21T12:39:55Z" finished-at="2019-02-21T12:40:02Z">
    <groups>
    </groups>
    <test name="Default test" duration-ms="7071" started-at="2019-02-21T12:39:55Z" finished-at="2019-02-21T12:40:02Z">
      <class name="com.TestngPackage.TestNGBasics">
        <test-method status="PASS" signature="setup()[pri:0, instance:com.TestngPackage.TestNGBasics@5e82df6a]" name="setup" is-config="true" duration-ms="3219" started-at="2019-02-21T12:39:55Z" finished-at="2019-02-21T12:39:59Z">
          <reporter-output>
          </reporter-output>
        </test-method> <!-- setup -->
        <test-method status="PASS" signature="verifySuccessfulLogin()[pri:1, instance:com.TestngPackage.TestNGBasics@5e82df6a]" name="verifySuccessfulLogin" duration-ms="2767" started-at="2019-02-21T12:39:59Z" finished-at="2019-02-21T12:40:01Z">
          <reporter-output>
          </reporter-output>
        </test-method> <!-- verifySuccessfulLogin -->
        <test-method status="PASS" signature="verifyClickProfile()[pri:2, instance:com.TestngPackage.TestNGBasics@5e82df6a]" name="verifyClickProfile" duration-ms="307" started-at="2019-02-21T12:40:01Z" finished-at="2019-02-21T12:40:02Z">
          <reporter-output>
          </reporter-output>
        </test-method> <!-- verifyClickProfile -->
        <test-method status="PASS" signature="close()[pri:0, instance:com.TestngPackage.TestNGBasics@5e82df6a]" name="close" is-config="true" duration-ms="762" started-at="2019-02-21T12:40:02Z" finished-at="2019-02-21T12:40:02Z">
          <reporter-output>
          </reporter-output>
        </test-method> <!-- close -->
      </class> <!-- com.TestngPackage.TestNGBasics -->
    </test> <!-- Default test -->
  </suite> <!-- Default suite -->
</testng-results>
